<?xml version="1.0" encoding="UTF-8"?>
<!-- Generated by org.testng.reporters.JUnitReportReporter -->
<testsuite skipped="0" hostname="DESKTOP-HH3QKF9" name="TestNGRelated.TestNGTest" tests="3" failures="0" timestamp="2022-05-16T06:58:37 IST" time="76.804" errors="0">
  <testcase name="actualTest1" time="25.563" classname="TestNGRelated.TestNGTest"/>
  <system-out/>
  <testcase name="actualTest3" time="25.595" classname="TestNGRelated.TestNGTest"/>
  <system-out/>
  <testcase name="actualTest2" time="25.646" classname="TestNGRelated.TestNGTest"/>
  <system-out/>
</testsuite> <!-- TestNGRelated.TestNGTest -->
