<?xml version="1.0" encoding="UTF-8"?>
<!-- Generated by org.testng.reporters.JUnitReportReporter -->
<testsuite skipped="0" hostname="DESKTOP-HH3QKF9" name="TestNGRelated.TestNGTest" tests="1" failures="0" timestamp="2022-05-14T18:08:56 IST" time="22.261" errors="0">
  <testcase name="actualTest" time="22.261" classname="TestNGRelated.TestNGTest"/>
  <system-out/>
</testsuite> <!-- TestNGRelated.TestNGTest -->
